mode: set
github.com/dlockard/attachment-decrapifier/main.go:14.13,15.22 1 0
github.com/dlockard/attachment-decrapifier/main.go:15.22,19.3 3 0
github.com/dlockard/attachment-decrapifier/main.go:21.2,22.35 2 0
github.com/dlockard/attachment-decrapifier/main.go:22.35,23.43 1 0
github.com/dlockard/attachment-decrapifier/main.go:23.43,26.4 2 0
github.com/dlockard/attachment-decrapifier/main.go:28.2,28.14 1 0
github.com/dlockard/attachment-decrapifier/main.go:28.14,30.3 1 0
github.com/dlockard/attachment-decrapifier/main.go:33.37,35.13 2 1
github.com/dlockard/attachment-decrapifier/main.go:36.15,37.28 1 1
github.com/dlockard/attachment-decrapifier/main.go:38.14,39.27 1 1
github.com/dlockard/attachment-decrapifier/main.go:40.14,41.38 1 1
github.com/dlockard/attachment-decrapifier/main.go:42.10,43.54 1 1
github.com/dlockard/attachment-decrapifier/docx/extract.go:14.38,16.16 2 1
github.com/dlockard/attachment-decrapifier/docx/extract.go:16.16,18.3 1 1
github.com/dlockard/attachment-decrapifier/docx/extract.go:19.2,22.27 3 1
github.com/dlockard/attachment-decrapifier/docx/extract.go:22.27,23.72 1 1
github.com/dlockard/attachment-decrapifier/docx/extract.go:23.72,25.4 1 1
github.com/dlockard/attachment-decrapifier/docx/extract.go:28.2,28.26 1 1
github.com/dlockard/attachment-decrapifier/docx/extract.go:28.26,30.3 1 1
github.com/dlockard/attachment-decrapifier/docx/extract.go:32.2,34.51 3 1
github.com/dlockard/attachment-decrapifier/docx/extract.go:34.51,36.3 1 0
github.com/dlockard/attachment-decrapifier/docx/extract.go:38.2,38.31 1 1
github.com/dlockard/attachment-decrapifier/docx/extract.go:38.31,40.69 2 1
github.com/dlockard/attachment-decrapifier/docx/extract.go:40.69,42.4 1 0
github.com/dlockard/attachment-decrapifier/docx/extract.go:44.2,44.12 1 1
github.com/dlockard/attachment-decrapifier/docx/extract.go:47.54,49.16 2 1
github.com/dlockard/attachment-decrapifier/docx/extract.go:49.16,51.3 1 0
github.com/dlockard/attachment-decrapifier/docx/extract.go:52.2,55.16 3 1
github.com/dlockard/attachment-decrapifier/docx/extract.go:55.16,57.3 1 0
github.com/dlockard/attachment-decrapifier/docx/extract.go:58.2,60.44 2 1
github.com/dlockard/attachment-decrapifier/docx/extract.go:60.44,62.3 1 0
github.com/dlockard/attachment-decrapifier/docx/extract.go:63.2,63.12 1 1
github.com/dlockard/attachment-decrapifier/rtf/strip.go:14.51,19.16 3 1
github.com/dlockard/attachment-decrapifier/rtf/strip.go:19.16,21.3 1 0
github.com/dlockard/attachment-decrapifier/rtf/strip.go:22.2,22.18 1 1
github.com/dlockard/attachment-decrapifier/rtf/strip.go:22.18,24.3 1 1
github.com/dlockard/attachment-decrapifier/rtf/strip.go:25.2,26.16 2 1
github.com/dlockard/attachment-decrapifier/rtf/strip.go:26.16,28.3 1 0
github.com/dlockard/attachment-decrapifier/rtf/strip.go:29.2,29.20 1 1
github.com/dlockard/attachment-decrapifier/rtf/strip.go:29.20,31.3 1 0
github.com/dlockard/attachment-decrapifier/rtf/strip.go:32.2,33.19 2 1
github.com/dlockard/attachment-decrapifier/rtf/strip.go:33.19,35.3 1 0
github.com/dlockard/attachment-decrapifier/rtf/strip.go:36.2,48.6 6 1
github.com/dlockard/attachment-decrapifier/rtf/strip.go:48.6,50.17 2 1
github.com/dlockard/attachment-decrapifier/rtf/strip.go:50.17,51.21 1 1
github.com/dlockard/attachment-decrapifier/rtf/strip.go:51.21,52.10 1 1
github.com/dlockard/attachment-decrapifier/rtf/strip.go:54.4,54.18 1 0
github.com/dlockard/attachment-decrapifier/rtf/strip.go:57.3,57.12 1 1
github.com/dlockard/attachment-decrapifier/rtf/strip.go:58.12,60.21 2 1
github.com/dlockard/attachment-decrapifier/rtf/strip.go:60.21,61.13 1 1
github.com/dlockard/attachment-decrapifier/rtf/strip.go:63.4,64.65 2 1
github.com/dlockard/attachment-decrapifier/rtf/strip.go:64.65,66.5 1 1
github.com/dlockard/attachment-decrapifier/rtf/strip.go:68.12,69.26 1 1
github.com/dlockard/attachment-decrapifier/rtf/strip.go:69.26,71.5 1 1
github.com/dlockard/attachment-decrapifier/rtf/strip.go:72.4,72.11 1 1
github.com/dlockard/attachment-decrapifier/rtf/strip.go:74.13,75.21 1 1
github.com/dlockard/attachment-decrapifier/rtf/strip.go:75.21,77.19 2 1
github.com/dlockard/attachment-decrapifier/rtf/strip.go:77.19,78.11 1 0
github.com/dlockard/attachment-decrapifier/rtf/strip.go:80.5,80.51 1 1
github.com/dlockard/attachment-decrapifier/rtf/strip.go:80.51,81.14 1 0
github.com/dlockard/attachment-decrapifier/rtf/strip.go:83.5,83.21 1 1
github.com/dlockard/attachment-decrapifier/rtf/strip.go:83.21,86.14 3 0
github.com/dlockard/attachment-decrapifier/rtf/strip.go:88.5,91.13 4 1
github.com/dlockard/attachment-decrapifier/rtf/strip.go:94.4,95.18 2 1
github.com/dlockard/attachment-decrapifier/rtf/strip.go:95.18,96.10 1 0
github.com/dlockard/attachment-decrapifier/rtf/strip.go:99.4,99.16 1 1
github.com/dlockard/attachment-decrapifier/rtf/strip.go:100.14,101.24 1 1
github.com/dlockard/attachment-decrapifier/rtf/strip.go:102.13,103.23 1 1
github.com/dlockard/attachment-decrapifier/rtf/strip.go:104.13,105.23 1 1
github.com/dlockard/attachment-decrapifier/rtf/strip.go:106.14,110.23 4 0
github.com/dlockard/attachment-decrapifier/rtf/strip.go:111.20,112.24 1 0
github.com/dlockard/attachment-decrapifier/rtf/strip.go:113.12,118.35 4 1
github.com/dlockard/attachment-decrapifier/rtf/strip.go:118.35,120.14 2 1
github.com/dlockard/attachment-decrapifier/rtf/strip.go:123.5,123.21 1 1
github.com/dlockard/attachment-decrapifier/rtf/strip.go:124.16,125.25 1 1
github.com/dlockard/attachment-decrapifier/rtf/strip.go:126.17,127.25 1 1
github.com/dlockard/attachment-decrapifier/rtf/strip.go:128.16,129.25 1 1
github.com/dlockard/attachment-decrapifier/rtf/strip.go:130.14,131.20 1 1
github.com/dlockard/attachment-decrapifier/rtf/strip.go:131.20,135.7 3 1
github.com/dlockard/attachment-decrapifier/rtf/strip.go:136.6,136.19 1 1
github.com/dlockard/attachment-decrapifier/rtf/strip.go:137.19,138.29 1 0
github.com/dlockard/attachment-decrapifier/rtf/strip.go:139.19,140.29 1 0
github.com/dlockard/attachment-decrapifier/rtf/strip.go:141.22,142.29 1 0
github.com/dlockard/attachment-decrapifier/rtf/strip.go:143.22,144.29 1 0
github.com/dlockard/attachment-decrapifier/rtf/strip.go:145.19,146.29 1 0
github.com/dlockard/attachment-decrapifier/rtf/strip.go:147.19,148.29 1 0
github.com/dlockard/attachment-decrapifier/rtf/strip.go:149.19,150.29 1 0
github.com/dlockard/attachment-decrapifier/rtf/strip.go:154.11,155.21 1 1
github.com/dlockard/attachment-decrapifier/rtf/strip.go:155.21,156.13 1 1
github.com/dlockard/attachment-decrapifier/rtf/strip.go:158.4,158.20 1 1
github.com/dlockard/attachment-decrapifier/rtf/strip.go:162.2,162.26 1 1
github.com/dlockard/attachment-decrapifier/rtf/strip.go:165.51,167.6 2 1
github.com/dlockard/attachment-decrapifier/rtf/strip.go:167.6,169.17 2 1
github.com/dlockard/attachment-decrapifier/rtf/strip.go:169.17,170.9 1 0
github.com/dlockard/attachment-decrapifier/rtf/strip.go:172.3,172.55 1 1
github.com/dlockard/attachment-decrapifier/rtf/strip.go:172.55,174.4 1 1
github.com/dlockard/attachment-decrapifier/rtf/strip.go:174.9,176.9 2 1
github.com/dlockard/attachment-decrapifier/rtf/strip.go:179.2,179.22 1 1
github.com/dlockard/attachment-decrapifier/rtf/strip.go:182.45,183.6 1 1
github.com/dlockard/attachment-decrapifier/rtf/strip.go:183.6,185.17 2 1
github.com/dlockard/attachment-decrapifier/rtf/strip.go:185.17,187.4 1 0
github.com/dlockard/attachment-decrapifier/rtf/strip.go:188.3,188.41 1 1
github.com/dlockard/attachment-decrapifier/rtf/strip.go:188.41,189.12 1 1
github.com/dlockard/attachment-decrapifier/rtf/strip.go:191.3,191.15 1 1
github.com/dlockard/attachment-decrapifier/rtf/strip.go:191.15,193.4 1 1
github.com/dlockard/attachment-decrapifier/rtf/strip.go:194.3,195.9 2 1
github.com/dlockard/attachment-decrapifier/rtf/strip.go:199.54,203.6 4 1
github.com/dlockard/attachment-decrapifier/rtf/strip.go:203.6,205.17 2 1
github.com/dlockard/attachment-decrapifier/rtf/strip.go:205.17,207.4 1 0
github.com/dlockard/attachment-decrapifier/rtf/strip.go:208.3,208.28 1 1
github.com/dlockard/attachment-decrapifier/rtf/strip.go:208.28,210.12 2 0
github.com/dlockard/attachment-decrapifier/rtf/strip.go:212.3,212.27 1 1
github.com/dlockard/attachment-decrapifier/rtf/strip.go:212.27,215.12 3 1
github.com/dlockard/attachment-decrapifier/rtf/strip.go:217.3,217.15 1 1
github.com/dlockard/attachment-decrapifier/rtf/strip.go:217.15,218.9 1 1
github.com/dlockard/attachment-decrapifier/rtf/strip.go:220.3,221.8 2 1
github.com/dlockard/attachment-decrapifier/rtf/strip.go:223.2,223.14 1 1
github.com/dlockard/attachment-decrapifier/rtf/strip.go:223.14,225.3 1 0
github.com/dlockard/attachment-decrapifier/rtf/strip.go:226.2,226.12 1 1
github.com/dlockard/attachment-decrapifier/rtf/strip.go:229.26,230.9 1 0
github.com/dlockard/attachment-decrapifier/rtf/strip.go:231.28,232.17 1 0
github.com/dlockard/attachment-decrapifier/rtf/strip.go:233.28,234.22 1 0
github.com/dlockard/attachment-decrapifier/rtf/strip.go:235.28,236.22 1 0
github.com/dlockard/attachment-decrapifier/rtf/strip.go:237.10,238.11 1 0
github.com/dlockard/attachment-decrapifier/rtf/strip.go:243.38,245.16 2 1
github.com/dlockard/attachment-decrapifier/rtf/strip.go:245.16,247.3 1 1
github.com/dlockard/attachment-decrapifier/rtf/strip.go:248.2,251.16 3 1
github.com/dlockard/attachment-decrapifier/rtf/strip.go:251.16,253.3 1 0
github.com/dlockard/attachment-decrapifier/rtf/strip.go:255.2,257.67 3 1
github.com/dlockard/attachment-decrapifier/rtf/strip.go:257.67,259.3 1 0
github.com/dlockard/attachment-decrapifier/rtf/strip.go:260.2,260.12 1 1
github.com/dlockard/attachment-decrapifier/eml/parse.go:18.66,20.16 2 1
github.com/dlockard/attachment-decrapifier/eml/parse.go:20.16,22.3 1 1
github.com/dlockard/attachment-decrapifier/eml/parse.go:23.2,26.16 3 1
github.com/dlockard/attachment-decrapifier/eml/parse.go:26.16,28.3 1 0
github.com/dlockard/attachment-decrapifier/eml/parse.go:30.2,32.51 3 1
github.com/dlockard/attachment-decrapifier/eml/parse.go:32.51,34.3 1 0
github.com/dlockard/attachment-decrapifier/eml/parse.go:36.2,40.23 4 1
github.com/dlockard/attachment-decrapifier/eml/parse.go:40.23,42.3 1 0
github.com/dlockard/attachment-decrapifier/eml/parse.go:44.2,45.16 2 1
github.com/dlockard/attachment-decrapifier/eml/parse.go:45.16,48.3 2 0
github.com/dlockard/attachment-decrapifier/eml/parse.go:48.8,49.103 1 1
github.com/dlockard/attachment-decrapifier/eml/parse.go:49.103,51.4 1 0
github.com/dlockard/attachment-decrapifier/eml/parse.go:54.2,54.35 1 1
github.com/dlockard/attachment-decrapifier/eml/parse.go:63.56,64.23 1 1
github.com/dlockard/attachment-decrapifier/eml/parse.go:64.23,65.101 1 1
github.com/dlockard/attachment-decrapifier/eml/parse.go:65.101,67.4 1 0
github.com/dlockard/attachment-decrapifier/eml/parse.go:68.8,68.29 1 1
github.com/dlockard/attachment-decrapifier/eml/parse.go:68.29,69.101 1 1
github.com/dlockard/attachment-decrapifier/eml/parse.go:69.101,71.4 1 0
github.com/dlockard/attachment-decrapifier/eml/parse.go:72.3,73.17 2 1
github.com/dlockard/attachment-decrapifier/eml/parse.go:73.17,75.4 1 0
github.com/dlockard/attachment-decrapifier/eml/parse.go:76.3,76.98 1 1
github.com/dlockard/attachment-decrapifier/eml/parse.go:76.98,78.4 1 0
github.com/dlockard/attachment-decrapifier/eml/parse.go:80.2,80.12 1 1
github.com/dlockard/attachment-decrapifier/eml/parse.go:83.167,84.48 1 1
github.com/dlockard/attachment-decrapifier/eml/parse.go:84.48,86.21 2 1
github.com/dlockard/attachment-decrapifier/eml/parse.go:86.21,88.4 1 0
github.com/dlockard/attachment-decrapifier/eml/parse.go:89.3,89.80 1 1
github.com/dlockard/attachment-decrapifier/eml/parse.go:92.2,94.31 2 1
github.com/dlockard/attachment-decrapifier/eml/parse.go:94.31,96.17 2 1
github.com/dlockard/attachment-decrapifier/eml/parse.go:96.17,98.4 1 0
github.com/dlockard/attachment-decrapifier/eml/parse.go:99.3,99.29 1 1
github.com/dlockard/attachment-decrapifier/eml/parse.go:99.29,101.4 1 1
github.com/dlockard/attachment-decrapifier/eml/parse.go:102.3,102.13 1 1
github.com/dlockard/attachment-decrapifier/eml/parse.go:105.2,105.30 1 1
github.com/dlockard/attachment-decrapifier/eml/parse.go:105.30,107.17 2 1
github.com/dlockard/attachment-decrapifier/eml/parse.go:107.17,109.4 1 0
github.com/dlockard/attachment-decrapifier/eml/parse.go:110.3,110.28 1 1
github.com/dlockard/attachment-decrapifier/eml/parse.go:110.28,112.4 1 1
github.com/dlockard/attachment-decrapifier/eml/parse.go:113.3,113.13 1 1
github.com/dlockard/attachment-decrapifier/eml/parse.go:116.2,116.78 1 1
github.com/dlockard/attachment-decrapifier/eml/parse.go:119.139,124.6 4 1
github.com/dlockard/attachment-decrapifier/eml/parse.go:124.6,126.20 2 1
github.com/dlockard/attachment-decrapifier/eml/parse.go:126.20,127.9 1 1
github.com/dlockard/attachment-decrapifier/eml/parse.go:129.3,129.17 1 1
github.com/dlockard/attachment-decrapifier/eml/parse.go:129.17,131.4 1 0
github.com/dlockard/attachment-decrapifier/eml/parse.go:133.3,135.19 3 1
github.com/dlockard/attachment-decrapifier/eml/parse.go:135.19,137.4 1 0
github.com/dlockard/attachment-decrapifier/eml/parse.go:139.3,140.17 2 1
github.com/dlockard/attachment-decrapifier/eml/parse.go:140.17,141.12 1 0
github.com/dlockard/attachment-decrapifier/eml/parse.go:144.3,144.20 1 1
github.com/dlockard/attachment-decrapifier/eml/parse.go:144.20,145.25 1 1
github.com/dlockard/attachment-decrapifier/eml/parse.go:146.22,149.19 3 1
github.com/dlockard/attachment-decrapifier/eml/parse.go:149.19,151.6 1 0
github.com/dlockard/attachment-decrapifier/eml/parse.go:152.5,152.36 1 1
github.com/dlockard/attachment-decrapifier/eml/parse.go:153.21,156.19 3 1
github.com/dlockard/attachment-decrapifier/eml/parse.go:156.19,158.6 1 0
github.com/dlockard/attachment-decrapifier/eml/parse.go:159.12,160.113 1 0
github.com/dlockard/attachment-decrapifier/eml/parse.go:160.113,162.6 1 0
github.com/dlockard/attachment-decrapifier/eml/parse.go:164.9,165.112 1 1
github.com/dlockard/attachment-decrapifier/eml/parse.go:165.112,167.5 1 0
github.com/dlockard/attachment-decrapifier/eml/parse.go:171.2,171.66 1 1
github.com/dlockard/attachment-decrapifier/eml/parse.go:171.66,173.3 1 0
github.com/dlockard/attachment-decrapifier/eml/parse.go:175.2,175.12 1 1
github.com/dlockard/attachment-decrapifier/eml/parse.go:178.153,183.16 4 1
github.com/dlockard/attachment-decrapifier/eml/parse.go:183.16,185.3 1 0
github.com/dlockard/attachment-decrapifier/eml/parse.go:187.2,187.60 1 1
github.com/dlockard/attachment-decrapifier/eml/parse.go:187.60,189.3 1 0
github.com/dlockard/attachment-decrapifier/eml/parse.go:191.2,192.76 2 1
github.com/dlockard/attachment-decrapifier/eml/parse.go:192.76,193.45 1 1
github.com/dlockard/attachment-decrapifier/eml/parse.go:193.45,195.4 1 0
github.com/dlockard/attachment-decrapifier/eml/parse.go:198.2,198.12 1 1
github.com/dlockard/attachment-decrapifier/eml/parse.go:201.90,202.40 1 1
github.com/dlockard/attachment-decrapifier/eml/parse.go:202.40,204.3 1 1
github.com/dlockard/attachment-decrapifier/eml/parse.go:205.2,207.9 3 0
github.com/dlockard/attachment-decrapifier/eml/parse.go:208.49,209.15 1 0
github.com/dlockard/attachment-decrapifier/eml/parse.go:210.50,211.15 1 0
github.com/dlockard/attachment-decrapifier/eml/parse.go:212.49,213.15 1 0
github.com/dlockard/attachment-decrapifier/eml/parse.go:214.55,215.16 1 0
github.com/dlockard/attachment-decrapifier/eml/parse.go:216.65,217.15 1 0
github.com/dlockard/attachment-decrapifier/eml/parse.go:219.2,219.61 1 0
github.com/dlockard/attachment-decrapifier/eml/parse.go:222.69,223.54 1 1
github.com/dlockard/attachment-decrapifier/eml/parse.go:224.16,225.50 1 1
github.com/dlockard/attachment-decrapifier/eml/parse.go:226.26,227.38 1 1
github.com/dlockard/attachment-decrapifier/eml/parse.go:228.10,229.11 1 1
github.com/dlockard/attachment-decrapifier/eml/parse.go:234.49,243.6 8 1
github.com/dlockard/attachment-decrapifier/eml/parse.go:243.6,245.17 2 1
github.com/dlockard/attachment-decrapifier/eml/parse.go:245.17,246.21 1 1
github.com/dlockard/attachment-decrapifier/eml/parse.go:246.21,247.10 1 1
github.com/dlockard/attachment-decrapifier/eml/parse.go:249.4,249.18 1 0
github.com/dlockard/attachment-decrapifier/eml/parse.go:252.3,252.12 1 1
github.com/dlockard/attachment-decrapifier/eml/parse.go:252.12,253.22 1 1
github.com/dlockard/attachment-decrapifier/eml/parse.go:253.22,254.41 1 1
github.com/dlockard/attachment-decrapifier/eml/parse.go:254.41,257.18 3 1
github.com/dlockard/attachment-decrapifier/eml/parse.go:258.20,259.22 1 1
github.com/dlockard/attachment-decrapifier/eml/parse.go:260.21,261.23 1 1
github.com/dlockard/attachment-decrapifier/eml/parse.go:262.19,263.21 1 1
github.com/dlockard/attachment-decrapifier/eml/parse.go:264.20,265.22 1 1
github.com/dlockard/attachment-decrapifier/eml/parse.go:266.36,267.30 1 1
github.com/dlockard/attachment-decrapifier/eml/parse.go:268.23,269.26 1 1
github.com/dlockard/attachment-decrapifier/eml/parse.go:271.6,271.18 1 1
github.com/dlockard/attachment-decrapifier/eml/parse.go:271.18,273.7 1 1
github.com/dlockard/attachment-decrapifier/eml/parse.go:274.11,276.6 1 1
github.com/dlockard/attachment-decrapifier/eml/parse.go:277.10,277.23 1 1
github.com/dlockard/attachment-decrapifier/eml/parse.go:277.23,279.5 1 1
github.com/dlockard/attachment-decrapifier/eml/parse.go:280.4,280.12 1 1
github.com/dlockard/attachment-decrapifier/eml/parse.go:283.3,283.15 1 1
github.com/dlockard/attachment-decrapifier/eml/parse.go:283.15,288.46 4 1
github.com/dlockard/attachment-decrapifier/eml/parse.go:288.46,289.20 1 1
github.com/dlockard/attachment-decrapifier/eml/parse.go:289.20,291.6 1 1
github.com/dlockard/attachment-decrapifier/eml/parse.go:291.11,293.6 1 1
github.com/dlockard/attachment-decrapifier/eml/parse.go:295.4,295.12 1 1
github.com/dlockard/attachment-decrapifier/eml/parse.go:298.3,298.26 1 1
github.com/dlockard/attachment-decrapifier/eml/parse.go:298.26,299.12 1 1
github.com/dlockard/attachment-decrapifier/eml/parse.go:302.3,302.15 1 1
github.com/dlockard/attachment-decrapifier/eml/parse.go:302.15,305.12 3 1
github.com/dlockard/attachment-decrapifier/eml/parse.go:308.3,308.19 1 1
github.com/dlockard/attachment-decrapifier/eml/parse.go:311.2,311.44 1 1
github.com/dlockard/attachment-decrapifier/eml/parse.go:314.42,317.6 3 1
github.com/dlockard/attachment-decrapifier/eml/parse.go:317.6,319.17 2 1
github.com/dlockard/attachment-decrapifier/eml/parse.go:319.17,320.9 1 0
github.com/dlockard/attachment-decrapifier/eml/parse.go:322.3,323.33 2 1
github.com/dlockard/attachment-decrapifier/eml/parse.go:323.33,324.9 1 1
github.com/dlockard/attachment-decrapifier/eml/parse.go:327.2,327.21 1 1
github.com/dlockard/attachment-decrapifier/eml/parse.go:330.41,331.16 1 1
github.com/dlockard/attachment-decrapifier/eml/parse.go:332.15,333.13 1 1
github.com/dlockard/attachment-decrapifier/eml/parse.go:334.14,335.13 1 1
github.com/dlockard/attachment-decrapifier/eml/parse.go:336.14,337.13 1 1
github.com/dlockard/attachment-decrapifier/eml/parse.go:338.16,339.14 1 1
github.com/dlockard/attachment-decrapifier/eml/parse.go:340.16,341.13 1 0
github.com/dlockard/attachment-decrapifier/eml/parse.go:342.16,343.13 1 0
github.com/dlockard/attachment-decrapifier/eml/parse.go:344.10,345.72 1 1
github.com/dlockard/attachment-decrapifier/eml/parse.go:345.72,348.72 3 1
github.com/dlockard/attachment-decrapifier/eml/parse.go:348.72,350.5 1 0
github.com/dlockard/attachment-decrapifier/eml/parse.go:350.10,352.5 1 1
github.com/dlockard/attachment-decrapifier/eml/parse.go:353.4,353.15 1 1
github.com/dlockard/attachment-decrapifier/eml/parse.go:353.15,355.5 1 1
github.com/dlockard/attachment-decrapifier/eml/parse.go:357.3,357.16 1 0
github.com/dlockard/attachment-decrapifier/eml/parse.go:361.40,364.22 3 1
github.com/dlockard/attachment-decrapifier/eml/parse.go:364.22,365.16 1 1
github.com/dlockard/attachment-decrapifier/eml/parse.go:365.16,367.25 2 1
github.com/dlockard/attachment-decrapifier/eml/parse.go:367.25,369.5 1 1
github.com/dlockard/attachment-decrapifier/eml/parse.go:370.9,373.4 2 1
github.com/dlockard/attachment-decrapifier/eml/parse.go:375.2,375.21 1 1
