mode: set
github.com/dlockard/attachment-decrapifier/docx/extract.go:14.38,16.16 2 1
github.com/dlockard/attachment-decrapifier/docx/extract.go:16.16,18.3 1 1
github.com/dlockard/attachment-decrapifier/docx/extract.go:19.2,22.27 3 1
github.com/dlockard/attachment-decrapifier/docx/extract.go:22.27,23.72 1 1
github.com/dlockard/attachment-decrapifier/docx/extract.go:23.72,25.4 1 1
github.com/dlockard/attachment-decrapifier/docx/extract.go:28.2,28.26 1 1
github.com/dlockard/attachment-decrapifier/docx/extract.go:28.26,30.3 1 1
github.com/dlockard/attachment-decrapifier/docx/extract.go:32.2,34.51 3 1
github.com/dlockard/attachment-decrapifier/docx/extract.go:34.51,36.3 1 1
github.com/dlockard/attachment-decrapifier/docx/extract.go:38.2,38.31 1 1
github.com/dlockard/attachment-decrapifier/docx/extract.go:38.31,41.17 3 1
github.com/dlockard/attachment-decrapifier/docx/extract.go:41.17,43.4 1 1
github.com/dlockard/attachment-decrapifier/docx/extract.go:44.3,44.70 1 1
github.com/dlockard/attachment-decrapifier/docx/extract.go:44.70,46.4 1 1
github.com/dlockard/attachment-decrapifier/docx/extract.go:48.2,48.12 1 1
github.com/dlockard/attachment-decrapifier/docx/extract.go:51.60,55.16 3 1
github.com/dlockard/attachment-decrapifier/docx/extract.go:55.16,57.3 1 1
github.com/dlockard/attachment-decrapifier/docx/extract.go:58.2,60.45 2 1
github.com/dlockard/attachment-decrapifier/docx/extract.go:60.45,62.3 1 1
github.com/dlockard/attachment-decrapifier/docx/extract.go:63.2,63.12 1 1
github.com/dlockard/attachment-decrapifier/main.go:15.13,17.2 1 0
github.com/dlockard/attachment-decrapifier/main.go:19.47,20.20 1 1
github.com/dlockard/attachment-decrapifier/main.go:20.20,24.3 3 1
github.com/dlockard/attachment-decrapifier/main.go:26.2,27.28 2 1
github.com/dlockard/attachment-decrapifier/main.go:27.28,28.43 1 1
github.com/dlockard/attachment-decrapifier/main.go:28.43,31.4 2 1
github.com/dlockard/attachment-decrapifier/main.go:33.2,33.14 1 1
github.com/dlockard/attachment-decrapifier/main.go:33.14,35.3 1 1
github.com/dlockard/attachment-decrapifier/main.go:36.2,36.10 1 1
github.com/dlockard/attachment-decrapifier/main.go:39.37,41.13 2 1
github.com/dlockard/attachment-decrapifier/main.go:42.15,43.28 1 1
github.com/dlockard/attachment-decrapifier/main.go:44.14,45.27 1 1
github.com/dlockard/attachment-decrapifier/main.go:46.14,47.38 1 1
github.com/dlockard/attachment-decrapifier/main.go:48.10,49.54 1 1
github.com/dlockard/attachment-decrapifier/eml/parse.go:18.66,20.16 2 1
github.com/dlockard/attachment-decrapifier/eml/parse.go:20.16,22.3 1 1
github.com/dlockard/attachment-decrapifier/eml/parse.go:23.2,26.16 3 1
github.com/dlockard/attachment-decrapifier/eml/parse.go:26.16,28.3 1 1
github.com/dlockard/attachment-decrapifier/eml/parse.go:30.2,32.51 3 1
github.com/dlockard/attachment-decrapifier/eml/parse.go:32.51,34.3 1 1
github.com/dlockard/attachment-decrapifier/eml/parse.go:36.2,40.23 4 1
github.com/dlockard/attachment-decrapifier/eml/parse.go:40.23,42.3 1 1
github.com/dlockard/attachment-decrapifier/eml/parse.go:44.2,45.16 2 1
github.com/dlockard/attachment-decrapifier/eml/parse.go:45.16,48.3 2 1
github.com/dlockard/attachment-decrapifier/eml/parse.go:48.8,49.103 1 1
github.com/dlockard/attachment-decrapifier/eml/parse.go:49.103,51.4 1 1
github.com/dlockard/attachment-decrapifier/eml/parse.go:54.2,54.35 1 1
github.com/dlockard/attachment-decrapifier/eml/parse.go:63.56,65.2 1 1
github.com/dlockard/attachment-decrapifier/eml/parse.go:67.101,68.23 1 1
github.com/dlockard/attachment-decrapifier/eml/parse.go:68.23,69.101 1 1
github.com/dlockard/attachment-decrapifier/eml/parse.go:69.101,71.4 1 1
github.com/dlockard/attachment-decrapifier/eml/parse.go:72.8,72.29 1 1
github.com/dlockard/attachment-decrapifier/eml/parse.go:72.29,73.101 1 1
github.com/dlockard/attachment-decrapifier/eml/parse.go:73.101,75.4 1 1
github.com/dlockard/attachment-decrapifier/eml/parse.go:76.3,77.17 2 1
github.com/dlockard/attachment-decrapifier/eml/parse.go:77.17,79.4 1 1
github.com/dlockard/attachment-decrapifier/eml/parse.go:80.3,80.98 1 1
github.com/dlockard/attachment-decrapifier/eml/parse.go:80.98,82.4 1 1
github.com/dlockard/attachment-decrapifier/eml/parse.go:84.2,84.12 1 1
github.com/dlockard/attachment-decrapifier/eml/parse.go:87.167,88.48 1 1
github.com/dlockard/attachment-decrapifier/eml/parse.go:88.48,90.21 2 1
github.com/dlockard/attachment-decrapifier/eml/parse.go:90.21,92.4 1 1
github.com/dlockard/attachment-decrapifier/eml/parse.go:93.3,93.80 1 1
github.com/dlockard/attachment-decrapifier/eml/parse.go:96.2,98.31 2 1
github.com/dlockard/attachment-decrapifier/eml/parse.go:98.31,100.17 2 1
github.com/dlockard/attachment-decrapifier/eml/parse.go:100.17,102.4 1 1
github.com/dlockard/attachment-decrapifier/eml/parse.go:103.3,103.29 1 1
github.com/dlockard/attachment-decrapifier/eml/parse.go:103.29,105.4 1 1
github.com/dlockard/attachment-decrapifier/eml/parse.go:106.3,106.13 1 1
github.com/dlockard/attachment-decrapifier/eml/parse.go:109.2,109.30 1 1
github.com/dlockard/attachment-decrapifier/eml/parse.go:109.30,111.17 2 1
github.com/dlockard/attachment-decrapifier/eml/parse.go:111.17,113.4 1 1
github.com/dlockard/attachment-decrapifier/eml/parse.go:114.3,114.28 1 1
github.com/dlockard/attachment-decrapifier/eml/parse.go:114.28,116.4 1 1
github.com/dlockard/attachment-decrapifier/eml/parse.go:117.3,117.13 1 1
github.com/dlockard/attachment-decrapifier/eml/parse.go:120.2,120.78 1 1
github.com/dlockard/attachment-decrapifier/eml/parse.go:123.139,128.6 4 1
github.com/dlockard/attachment-decrapifier/eml/parse.go:128.6,130.20 2 1
github.com/dlockard/attachment-decrapifier/eml/parse.go:130.20,131.9 1 1
github.com/dlockard/attachment-decrapifier/eml/parse.go:133.3,133.17 1 1
github.com/dlockard/attachment-decrapifier/eml/parse.go:133.17,135.4 1 1
github.com/dlockard/attachment-decrapifier/eml/parse.go:137.3,139.19 3 1
github.com/dlockard/attachment-decrapifier/eml/parse.go:139.19,141.4 1 1
github.com/dlockard/attachment-decrapifier/eml/parse.go:143.3,144.17 2 1
github.com/dlockard/attachment-decrapifier/eml/parse.go:144.17,145.12 1 1
github.com/dlockard/attachment-decrapifier/eml/parse.go:148.3,148.20 1 1
github.com/dlockard/attachment-decrapifier/eml/parse.go:148.20,149.25 1 1
github.com/dlockard/attachment-decrapifier/eml/parse.go:150.22,153.19 3 1
github.com/dlockard/attachment-decrapifier/eml/parse.go:153.19,155.6 1 1
github.com/dlockard/attachment-decrapifier/eml/parse.go:156.5,156.36 1 1
github.com/dlockard/attachment-decrapifier/eml/parse.go:157.21,160.19 3 1
github.com/dlockard/attachment-decrapifier/eml/parse.go:160.19,162.6 1 1
github.com/dlockard/attachment-decrapifier/eml/parse.go:163.12,164.113 1 1
github.com/dlockard/attachment-decrapifier/eml/parse.go:164.113,166.6 1 1
github.com/dlockard/attachment-decrapifier/eml/parse.go:168.9,169.112 1 1
github.com/dlockard/attachment-decrapifier/eml/parse.go:169.112,171.5 1 1
github.com/dlockard/attachment-decrapifier/eml/parse.go:175.2,175.66 1 1
github.com/dlockard/attachment-decrapifier/eml/parse.go:175.66,177.3 1 1
github.com/dlockard/attachment-decrapifier/eml/parse.go:179.2,179.12 1 1
github.com/dlockard/attachment-decrapifier/eml/parse.go:182.153,187.16 4 1
github.com/dlockard/attachment-decrapifier/eml/parse.go:187.16,189.3 1 1
github.com/dlockard/attachment-decrapifier/eml/parse.go:191.2,191.60 1 1
github.com/dlockard/attachment-decrapifier/eml/parse.go:191.60,193.3 1 1
github.com/dlockard/attachment-decrapifier/eml/parse.go:195.2,196.76 2 1
github.com/dlockard/attachment-decrapifier/eml/parse.go:196.76,197.45 1 1
github.com/dlockard/attachment-decrapifier/eml/parse.go:197.45,199.4 1 1
github.com/dlockard/attachment-decrapifier/eml/parse.go:202.2,202.12 1 1
github.com/dlockard/attachment-decrapifier/eml/parse.go:205.90,206.40 1 1
github.com/dlockard/attachment-decrapifier/eml/parse.go:206.40,208.3 1 1
github.com/dlockard/attachment-decrapifier/eml/parse.go:209.2,211.9 3 1
github.com/dlockard/attachment-decrapifier/eml/parse.go:212.49,213.15 1 1
github.com/dlockard/attachment-decrapifier/eml/parse.go:214.50,215.15 1 1
github.com/dlockard/attachment-decrapifier/eml/parse.go:216.49,217.15 1 1
github.com/dlockard/attachment-decrapifier/eml/parse.go:218.55,219.16 1 1
github.com/dlockard/attachment-decrapifier/eml/parse.go:220.65,221.15 1 1
github.com/dlockard/attachment-decrapifier/eml/parse.go:223.2,223.61 1 1
github.com/dlockard/attachment-decrapifier/eml/parse.go:226.69,227.54 1 1
github.com/dlockard/attachment-decrapifier/eml/parse.go:228.16,229.50 1 1
github.com/dlockard/attachment-decrapifier/eml/parse.go:230.26,231.38 1 1
github.com/dlockard/attachment-decrapifier/eml/parse.go:232.10,233.11 1 1
github.com/dlockard/attachment-decrapifier/eml/parse.go:238.49,247.6 8 1
github.com/dlockard/attachment-decrapifier/eml/parse.go:247.6,249.17 2 1
github.com/dlockard/attachment-decrapifier/eml/parse.go:249.17,250.21 1 1
github.com/dlockard/attachment-decrapifier/eml/parse.go:250.21,251.10 1 1
github.com/dlockard/attachment-decrapifier/eml/parse.go:253.4,253.18 1 1
github.com/dlockard/attachment-decrapifier/eml/parse.go:256.3,256.12 1 1
github.com/dlockard/attachment-decrapifier/eml/parse.go:256.12,257.22 1 1
github.com/dlockard/attachment-decrapifier/eml/parse.go:257.22,258.41 1 1
github.com/dlockard/attachment-decrapifier/eml/parse.go:258.41,261.18 3 1
github.com/dlockard/attachment-decrapifier/eml/parse.go:262.20,263.22 1 1
github.com/dlockard/attachment-decrapifier/eml/parse.go:264.21,265.23 1 1
github.com/dlockard/attachment-decrapifier/eml/parse.go:266.19,267.21 1 1
github.com/dlockard/attachment-decrapifier/eml/parse.go:268.20,269.22 1 1
github.com/dlockard/attachment-decrapifier/eml/parse.go:270.36,271.30 1 1
github.com/dlockard/attachment-decrapifier/eml/parse.go:272.23,273.26 1 1
github.com/dlockard/attachment-decrapifier/eml/parse.go:275.6,275.18 1 1
github.com/dlockard/attachment-decrapifier/eml/parse.go:275.18,277.7 1 1
github.com/dlockard/attachment-decrapifier/eml/parse.go:278.11,280.6 1 1
github.com/dlockard/attachment-decrapifier/eml/parse.go:281.10,281.23 1 1
github.com/dlockard/attachment-decrapifier/eml/parse.go:281.23,283.5 1 1
github.com/dlockard/attachment-decrapifier/eml/parse.go:284.4,284.12 1 1
github.com/dlockard/attachment-decrapifier/eml/parse.go:287.3,287.15 1 1
github.com/dlockard/attachment-decrapifier/eml/parse.go:287.15,292.46 4 1
github.com/dlockard/attachment-decrapifier/eml/parse.go:292.46,293.20 1 1
github.com/dlockard/attachment-decrapifier/eml/parse.go:293.20,295.6 1 1
github.com/dlockard/attachment-decrapifier/eml/parse.go:295.11,297.6 1 1
github.com/dlockard/attachment-decrapifier/eml/parse.go:299.4,299.12 1 1
github.com/dlockard/attachment-decrapifier/eml/parse.go:302.3,302.26 1 1
github.com/dlockard/attachment-decrapifier/eml/parse.go:302.26,303.12 1 1
github.com/dlockard/attachment-decrapifier/eml/parse.go:306.3,306.15 1 1
github.com/dlockard/attachment-decrapifier/eml/parse.go:306.15,309.12 3 1
github.com/dlockard/attachment-decrapifier/eml/parse.go:312.3,312.19 1 1
github.com/dlockard/attachment-decrapifier/eml/parse.go:315.2,315.44 1 1
github.com/dlockard/attachment-decrapifier/eml/parse.go:318.42,321.6 3 1
github.com/dlockard/attachment-decrapifier/eml/parse.go:321.6,323.17 2 1
github.com/dlockard/attachment-decrapifier/eml/parse.go:323.17,324.9 1 1
github.com/dlockard/attachment-decrapifier/eml/parse.go:326.3,327.33 2 1
github.com/dlockard/attachment-decrapifier/eml/parse.go:327.33,328.9 1 1
github.com/dlockard/attachment-decrapifier/eml/parse.go:331.2,331.21 1 1
github.com/dlockard/attachment-decrapifier/eml/parse.go:334.41,335.16 1 1
github.com/dlockard/attachment-decrapifier/eml/parse.go:336.15,337.13 1 1
github.com/dlockard/attachment-decrapifier/eml/parse.go:338.14,339.13 1 1
github.com/dlockard/attachment-decrapifier/eml/parse.go:340.14,341.13 1 1
github.com/dlockard/attachment-decrapifier/eml/parse.go:342.16,343.14 1 1
github.com/dlockard/attachment-decrapifier/eml/parse.go:344.16,345.13 1 1
github.com/dlockard/attachment-decrapifier/eml/parse.go:346.16,347.13 1 1
github.com/dlockard/attachment-decrapifier/eml/parse.go:348.10,349.72 1 1
github.com/dlockard/attachment-decrapifier/eml/parse.go:349.72,352.72 3 1
github.com/dlockard/attachment-decrapifier/eml/parse.go:352.72,354.5 1 1
github.com/dlockard/attachment-decrapifier/eml/parse.go:354.10,356.5 1 1
github.com/dlockard/attachment-decrapifier/eml/parse.go:357.4,357.15 1 1
github.com/dlockard/attachment-decrapifier/eml/parse.go:357.15,359.5 1 1
github.com/dlockard/attachment-decrapifier/eml/parse.go:361.3,361.16 1 1
github.com/dlockard/attachment-decrapifier/eml/parse.go:365.40,368.22 3 1
github.com/dlockard/attachment-decrapifier/eml/parse.go:368.22,369.16 1 1
github.com/dlockard/attachment-decrapifier/eml/parse.go:369.16,371.25 2 1
github.com/dlockard/attachment-decrapifier/eml/parse.go:371.25,373.5 1 1
github.com/dlockard/attachment-decrapifier/eml/parse.go:374.9,377.4 2 1
github.com/dlockard/attachment-decrapifier/eml/parse.go:379.2,379.21 1 1
github.com/dlockard/attachment-decrapifier/rtf/strip.go:14.51,19.16 3 1
github.com/dlockard/attachment-decrapifier/rtf/strip.go:19.16,21.3 1 1
github.com/dlockard/attachment-decrapifier/rtf/strip.go:22.2,22.18 1 1
github.com/dlockard/attachment-decrapifier/rtf/strip.go:22.18,24.3 1 1
github.com/dlockard/attachment-decrapifier/rtf/strip.go:25.2,26.16 2 1
github.com/dlockard/attachment-decrapifier/rtf/strip.go:26.16,28.3 1 1
github.com/dlockard/attachment-decrapifier/rtf/strip.go:29.2,29.20 1 1
github.com/dlockard/attachment-decrapifier/rtf/strip.go:29.20,31.3 1 1
github.com/dlockard/attachment-decrapifier/rtf/strip.go:32.2,33.19 2 1
github.com/dlockard/attachment-decrapifier/rtf/strip.go:33.19,35.3 1 1
github.com/dlockard/attachment-decrapifier/rtf/strip.go:36.2,48.6 6 1
github.com/dlockard/attachment-decrapifier/rtf/strip.go:48.6,50.17 2 1
github.com/dlockard/attachment-decrapifier/rtf/strip.go:50.17,51.21 1 1
github.com/dlockard/attachment-decrapifier/rtf/strip.go:51.21,52.10 1 1
github.com/dlockard/attachment-decrapifier/rtf/strip.go:54.4,54.18 1 1
github.com/dlockard/attachment-decrapifier/rtf/strip.go:57.3,57.12 1 1
github.com/dlockard/attachment-decrapifier/rtf/strip.go:58.12,60.21 2 1
github.com/dlockard/attachment-decrapifier/rtf/strip.go:60.21,61.13 1 1
github.com/dlockard/attachment-decrapifier/rtf/strip.go:63.4,64.65 2 1
github.com/dlockard/attachment-decrapifier/rtf/strip.go:64.65,66.5 1 1
github.com/dlockard/attachment-decrapifier/rtf/strip.go:68.12,69.26 1 1
github.com/dlockard/attachment-decrapifier/rtf/strip.go:69.26,71.5 1 1
github.com/dlockard/attachment-decrapifier/rtf/strip.go:72.4,72.11 1 1
github.com/dlockard/attachment-decrapifier/rtf/strip.go:74.13,75.21 1 1
github.com/dlockard/attachment-decrapifier/rtf/strip.go:75.21,77.19 2 1
github.com/dlockard/attachment-decrapifier/rtf/strip.go:77.19,78.11 1 1
github.com/dlockard/attachment-decrapifier/rtf/strip.go:80.5,80.51 1 1
github.com/dlockard/attachment-decrapifier/rtf/strip.go:80.51,81.14 1 1
github.com/dlockard/attachment-decrapifier/rtf/strip.go:83.5,83.21 1 1
github.com/dlockard/attachment-decrapifier/rtf/strip.go:83.21,86.14 3 1
github.com/dlockard/attachment-decrapifier/rtf/strip.go:88.5,91.13 4 1
github.com/dlockard/attachment-decrapifier/rtf/strip.go:94.4,95.18 2 1
github.com/dlockard/attachment-decrapifier/rtf/strip.go:95.18,96.10 1 1
github.com/dlockard/attachment-decrapifier/rtf/strip.go:99.4,99.16 1 1
github.com/dlockard/attachment-decrapifier/rtf/strip.go:100.14,101.24 1 1
github.com/dlockard/attachment-decrapifier/rtf/strip.go:102.13,103.23 1 1
github.com/dlockard/attachment-decrapifier/rtf/strip.go:104.13,105.23 1 1
github.com/dlockard/attachment-decrapifier/rtf/strip.go:106.14,110.23 4 1
github.com/dlockard/attachment-decrapifier/rtf/strip.go:111.20,112.24 1 1
github.com/dlockard/attachment-decrapifier/rtf/strip.go:113.12,118.35 4 1
github.com/dlockard/attachment-decrapifier/rtf/strip.go:118.35,120.14 2 1
github.com/dlockard/attachment-decrapifier/rtf/strip.go:123.5,123.21 1 1
github.com/dlockard/attachment-decrapifier/rtf/strip.go:124.16,125.25 1 1
github.com/dlockard/attachment-decrapifier/rtf/strip.go:126.17,127.25 1 1
github.com/dlockard/attachment-decrapifier/rtf/strip.go:128.16,129.25 1 1
github.com/dlockard/attachment-decrapifier/rtf/strip.go:130.14,131.20 1 1
github.com/dlockard/attachment-decrapifier/rtf/strip.go:131.20,135.7 3 1
github.com/dlockard/attachment-decrapifier/rtf/strip.go:136.6,136.19 1 1
github.com/dlockard/attachment-decrapifier/rtf/strip.go:137.19,138.29 1 1
github.com/dlockard/attachment-decrapifier/rtf/strip.go:139.19,140.29 1 1
github.com/dlockard/attachment-decrapifier/rtf/strip.go:141.22,142.29 1 1
github.com/dlockard/attachment-decrapifier/rtf/strip.go:143.22,144.29 1 1
github.com/dlockard/attachment-decrapifier/rtf/strip.go:145.19,146.29 1 1
github.com/dlockard/attachment-decrapifier/rtf/strip.go:147.19,148.29 1 1
github.com/dlockard/attachment-decrapifier/rtf/strip.go:149.19,150.29 1 1
github.com/dlockard/attachment-decrapifier/rtf/strip.go:154.11,155.21 1 1
github.com/dlockard/attachment-decrapifier/rtf/strip.go:155.21,156.13 1 1
github.com/dlockard/attachment-decrapifier/rtf/strip.go:158.4,158.20 1 1
github.com/dlockard/attachment-decrapifier/rtf/strip.go:162.2,162.26 1 1
github.com/dlockard/attachment-decrapifier/rtf/strip.go:165.51,167.6 2 1
github.com/dlockard/attachment-decrapifier/rtf/strip.go:167.6,169.17 2 1
github.com/dlockard/attachment-decrapifier/rtf/strip.go:169.17,170.9 1 1
github.com/dlockard/attachment-decrapifier/rtf/strip.go:172.3,172.55 1 1
github.com/dlockard/attachment-decrapifier/rtf/strip.go:172.55,174.4 1 1
github.com/dlockard/attachment-decrapifier/rtf/strip.go:174.9,176.9 2 1
github.com/dlockard/attachment-decrapifier/rtf/strip.go:179.2,179.22 1 1
github.com/dlockard/attachment-decrapifier/rtf/strip.go:182.45,183.6 1 1
github.com/dlockard/attachment-decrapifier/rtf/strip.go:183.6,185.17 2 1
github.com/dlockard/attachment-decrapifier/rtf/strip.go:185.17,187.4 1 1
github.com/dlockard/attachment-decrapifier/rtf/strip.go:188.3,188.41 1 1
github.com/dlockard/attachment-decrapifier/rtf/strip.go:188.41,189.12 1 1
github.com/dlockard/attachment-decrapifier/rtf/strip.go:191.3,191.15 1 1
github.com/dlockard/attachment-decrapifier/rtf/strip.go:191.15,193.4 1 1
github.com/dlockard/attachment-decrapifier/rtf/strip.go:194.3,195.9 2 1
github.com/dlockard/attachment-decrapifier/rtf/strip.go:199.54,203.6 4 1
github.com/dlockard/attachment-decrapifier/rtf/strip.go:203.6,205.17 2 1
github.com/dlockard/attachment-decrapifier/rtf/strip.go:205.17,207.4 1 1
github.com/dlockard/attachment-decrapifier/rtf/strip.go:208.3,208.28 1 1
github.com/dlockard/attachment-decrapifier/rtf/strip.go:208.28,210.12 2 1
github.com/dlockard/attachment-decrapifier/rtf/strip.go:212.3,212.27 1 1
github.com/dlockard/attachment-decrapifier/rtf/strip.go:212.27,215.12 3 1
github.com/dlockard/attachment-decrapifier/rtf/strip.go:217.3,217.15 1 1
github.com/dlockard/attachment-decrapifier/rtf/strip.go:217.15,218.9 1 1
github.com/dlockard/attachment-decrapifier/rtf/strip.go:220.3,221.8 2 1
github.com/dlockard/attachment-decrapifier/rtf/strip.go:223.2,223.14 1 1
github.com/dlockard/attachment-decrapifier/rtf/strip.go:223.14,225.3 1 1
github.com/dlockard/attachment-decrapifier/rtf/strip.go:226.2,226.12 1 1
github.com/dlockard/attachment-decrapifier/rtf/strip.go:229.26,230.9 1 1
github.com/dlockard/attachment-decrapifier/rtf/strip.go:231.28,232.17 1 1
github.com/dlockard/attachment-decrapifier/rtf/strip.go:233.28,234.22 1 1
github.com/dlockard/attachment-decrapifier/rtf/strip.go:235.28,236.22 1 1
github.com/dlockard/attachment-decrapifier/rtf/strip.go:237.10,238.11 1 1
github.com/dlockard/attachment-decrapifier/rtf/strip.go:243.38,245.16 2 1
github.com/dlockard/attachment-decrapifier/rtf/strip.go:245.16,247.3 1 1
github.com/dlockard/attachment-decrapifier/rtf/strip.go:248.2,251.16 3 1
github.com/dlockard/attachment-decrapifier/rtf/strip.go:251.16,253.3 1 1
github.com/dlockard/attachment-decrapifier/rtf/strip.go:255.2,257.67 3 1
github.com/dlockard/attachment-decrapifier/rtf/strip.go:257.67,259.3 1 1
github.com/dlockard/attachment-decrapifier/rtf/strip.go:260.2,260.12 1 1
